<?xml version="1.0" encoding="UTF-8"?>
<testsuite name="Requirement2Test" tests="1" skipped="0" failures="0" errors="0" timestamp="2020-07-29T02:55:26" hostname="LHD-PC" time="0.004">
  <properties/>
  <testcase name="should_return__60_given_buy_10_impromotion_apple_and_30_impromotion_watermelon_and_20_impromotion_laundry" classname="Requirement2Test" time="0.004"/>
  <system-out><![CDATA[]]></system-out>
  <system-err><![CDATA[]]></system-err>
</testsuite>
